<?xml version="1.0" encoding="UTF-8"?>
<coverage generated="1517776054">
  <project timestamp="1517776054">
    <package name="QR_Code\Config">
      <file name="D:\code\packages\qr-code-lib\src/QR_Code/Config/Specifications.php">
        <class name="QR_Code\Config\Specifications" namespace="QR_Code\Config" fullPackage="QR_Code" package="QR_Code">
          <metrics complexity="69" methods="18" coveredmethods="8" conditionals="0" coveredconditionals="0" statements="174" coveredstatements="130" elements="192" coveredelements="138"/>
        </class>
        <line num="180" type="method" name="getDataLength" visibility="public" complexity="1" crap="1" count="13"/>
        <line num="182" type="stmt" count="13"/>
        <line num="190" type="method" name="getECCLength" visibility="public" complexity="1" crap="1" count="13"/>
        <line num="192" type="stmt" count="13"/>
        <line num="199" type="method" name="getWidth" visibility="public" complexity="1" crap="1" count="13"/>
        <line num="201" type="stmt" count="13"/>
        <line num="208" type="method" name="getRemainder" visibility="public" complexity="1" crap="1" count="13"/>
        <line num="210" type="stmt" count="13"/>
        <line num="218" type="method" name="getMinimumVersion" visibility="public" complexity="3" crap="3.07" count="13"/>
        <line num="220" type="stmt" count="13"/>
        <line num="221" type="stmt" count="13"/>
        <line num="222" type="stmt" count="13"/>
        <line num="223" type="stmt" count="13"/>
        <line num="226" type="stmt" count="0"/>
        <line num="234" type="method" name="lengthIndicator" visibility="public" complexity="4" crap="4.02" count="13"/>
        <line num="236" type="stmt" count="13"/>
        <line num="237" type="stmt" count="0"/>
        <line num="240" type="stmt" count="13"/>
        <line num="241" type="stmt" count="13"/>
        <line num="242" type="stmt" count="13"/>
        <line num="243" type="stmt" count="13"/>
        <line num="244" type="stmt" count="1"/>
        <line num="245" type="stmt" count="1"/>
        <line num="247" type="stmt" count="13"/>
        <line num="250" type="stmt" count="13"/>
        <line num="258" type="method" name="maximumWords" visibility="public" complexity="5" crap="5.39" count="13"/>
        <line num="260" type="stmt" count="13"/>
        <line num="261" type="stmt" count="0"/>
        <line num="263" type="stmt" count="13"/>
        <line num="264" type="stmt" count="12"/>
        <line num="265" type="stmt" count="1"/>
        <line num="266" type="stmt" count="1"/>
        <line num="268" type="stmt" count="0"/>
        <line num="271" type="stmt" count="13"/>
        <line num="272" type="stmt" count="13"/>
        <line num="274" type="stmt" count="13"/>
        <line num="275" type="stmt" count="0"/>
        <line num="278" type="stmt" count="13"/>
        <line num="288" type="method" name="getEccSpec" visibility="public" complexity="3" crap="3.00" count="13"/>
        <line num="290" type="stmt" count="13"/>
        <line num="291" type="stmt" count="0"/>
        <line num="294" type="stmt" count="13"/>
        <line num="295" type="stmt" count="13"/>
        <line num="296" type="stmt" count="13"/>
        <line num="297" type="stmt" count="13"/>
        <line num="299" type="stmt" count="13"/>
        <line num="300" type="stmt" count="12"/>
        <line num="301" type="stmt" count="12"/>
        <line num="302" type="stmt" count="12"/>
        <line num="303" type="stmt" count="12"/>
        <line num="304" type="stmt" count="12"/>
        <line num="306" type="stmt" count="1"/>
        <line num="307" type="stmt" count="1"/>
        <line num="308" type="stmt" count="1"/>
        <line num="309" type="stmt" count="1"/>
        <line num="310" type="stmt" count="1"/>
        <line num="312" type="stmt" count="13"/>
        <line num="321" type="method" name="putAlignmentMarker" visibility="public" complexity="2" crap="2" count="5"/>
        <line num="324" type="stmt" count="5"/>
        <line num="331" type="stmt" count="5"/>
        <line num="332" type="stmt" count="5"/>
        <line num="334" type="stmt" count="5"/>
        <line num="335" type="stmt" count="5"/>
        <line num="337" type="stmt" count="5"/>
        <line num="344" type="method" name="putAlignmentPattern" visibility="public" complexity="7" crap="7" count="6"/>
        <line num="346" type="stmt" count="6"/>
        <line num="347" type="stmt" count="1"/>
        <line num="349" type="stmt" count="5"/>
        <line num="350" type="stmt" count="5"/>
        <line num="351" type="stmt" count="4"/>
        <line num="353" type="stmt" count="1"/>
        <line num="356" type="stmt" count="5"/>
        <line num="357" type="stmt" count="4"/>
        <line num="358" type="stmt" count="4"/>
        <line num="359" type="stmt" count="4"/>
        <line num="360" type="stmt" count="4"/>
        <line num="363" type="stmt" count="1"/>
        <line num="364" type="stmt" count="1"/>
        <line num="365" type="stmt" count="1"/>
        <line num="366" type="stmt" count="1"/>
        <line num="367" type="stmt" count="1"/>
        <line num="370" type="stmt" count="1"/>
        <line num="371" type="stmt" count="1"/>
        <line num="372" type="stmt" count="1"/>
        <line num="373" type="stmt" count="1"/>
        <line num="374" type="stmt" count="1"/>
        <line num="375" type="stmt" count="1"/>
        <line num="377" type="stmt" count="1"/>
        <line num="379" type="stmt" count="1"/>
        <line num="385" type="method" name="getVersionPattern" visibility="public" complexity="3" crap="3.33" count="1"/>
        <line num="387" type="stmt" count="1"/>
        <line num="388" type="stmt" count="0"/>
        <line num="390" type="stmt" count="1"/>
        <line num="393" type="method" name="getFormatInfo" visibility="public" complexity="5" crap="6.60" count="13"/>
        <line num="395" type="stmt" count="13"/>
        <line num="396" type="stmt" count="0"/>
        <line num="398" type="stmt" count="13"/>
        <line num="399" type="stmt" count="0"/>
        <line num="401" type="stmt" count="13"/>
        <line num="418" type="method" name="putFinderPattern" visibility="public" complexity="2" crap="2" count="6"/>
        <line num="421" type="stmt" count="6"/>
        <line num="430" type="stmt" count="6"/>
        <line num="431" type="stmt" count="6"/>
        <line num="433" type="stmt" count="6"/>
        <line num="439" type="method" name="createFrame" visibility="public" complexity="9" crap="9" count="6"/>
        <line num="441" type="stmt" count="6"/>
        <line num="442" type="stmt" count="6"/>
        <line num="443" type="stmt" count="6"/>
        <line num="446" type="stmt" count="6"/>
        <line num="447" type="stmt" count="6"/>
        <line num="448" type="stmt" count="6"/>
        <line num="451" type="stmt" count="6"/>
        <line num="453" type="stmt" count="6"/>
        <line num="454" type="stmt" count="6"/>
        <line num="455" type="stmt" count="6"/>
        <line num="456" type="stmt" count="6"/>
        <line num="457" type="stmt" count="6"/>
        <line num="460" type="stmt" count="6"/>
        <line num="462" type="stmt" count="6"/>
        <line num="463" type="stmt" count="6"/>
        <line num="464" type="stmt" count="6"/>
        <line num="467" type="stmt" count="6"/>
        <line num="468" type="stmt" count="6"/>
        <line num="469" type="stmt" count="6"/>
        <line num="471" type="stmt" count="6"/>
        <line num="473" type="stmt" count="6"/>
        <line num="474" type="stmt" count="6"/>
        <line num="475" type="stmt" count="6"/>
        <line num="480" type="stmt" count="6"/>
        <line num="481" type="stmt" count="6"/>
        <line num="482" type="stmt" count="6"/>
        <line num="486" type="stmt" count="6"/>
        <line num="489" type="stmt" count="6"/>
        <line num="490" type="stmt" count="1"/>
        <line num="492" type="stmt" count="1"/>
        <line num="494" type="stmt" count="1"/>
        <line num="495" type="stmt" count="1"/>
        <line num="496" type="stmt" count="1"/>
        <line num="497" type="stmt" count="1"/>
        <line num="501" type="stmt" count="1"/>
        <line num="502" type="stmt" count="1"/>
        <line num="503" type="stmt" count="1"/>
        <line num="504" type="stmt" count="1"/>
        <line num="505" type="stmt" count="1"/>
        <line num="511" type="stmt" count="6"/>
        <line num="513" type="stmt" count="6"/>
        <line num="520" type="method" name="debug" visibility="public" complexity="4" crap="20" count="0"/>
        <line num="522" type="stmt" count="0"/>
        <line num="524" type="stmt" count="0"/>
        <line num="525" type="stmt" count="0"/>
        <line num="526" type="stmt" count="0"/>
        <line num="530" type="stmt" count="0"/>
        <line num="536" type="stmt" count="0"/>
        <line num="537" type="stmt" count="0"/>
        <line num="538" type="stmt" count="0"/>
        <line num="542" type="stmt" count="0"/>
        <line num="543" type="stmt" count="0"/>
        <line num="544" type="stmt" count="0"/>
        <line num="545" type="stmt" count="0"/>
        <line num="546" type="stmt" count="0"/>
        <line num="547" type="stmt" count="0"/>
        <line num="548" type="stmt" count="0"/>
        <line num="549" type="stmt" count="0"/>
        <line num="550" type="stmt" count="0"/>
        <line num="551" type="stmt" count="0"/>
        <line num="552" type="stmt" count="0"/>
        <line num="553" type="stmt" count="0"/>
        <line num="554" type="stmt" count="0"/>
        <line num="555" type="stmt" count="0"/>
        <line num="559" type="stmt" count="0"/>
        <line num="585" type="stmt" count="0"/>
        <line num="586" type="stmt" count="0"/>
        <line num="587" type="stmt" count="0"/>
        <line num="590" type="stmt" count="0"/>
        <line num="596" type="method" name="serial" visibility="public" complexity="1" crap="2" count="0"/>
        <line num="598" type="stmt" count="0"/>
        <line num="605" type="method" name="unserial" visibility="public" complexity="1" crap="2" count="0"/>
        <line num="607" type="stmt" count="0"/>
        <line num="614" type="method" name="newFrame" visibility="public" complexity="7" crap="11.82" count="13"/>
        <line num="616" type="stmt" count="13"/>
        <line num="617" type="stmt" count="0"/>
        <line num="619" type="stmt" count="13"/>
        <line num="621" type="stmt" count="6"/>
        <line num="623" type="stmt" count="6"/>
        <line num="624" type="stmt" count="0"/>
        <line num="625" type="stmt" count="0"/>
        <line num="627" type="stmt" count="0"/>
        <line num="628" type="stmt" count="0"/>
        <line num="631" type="stmt" count="6"/>
        <line num="635" type="stmt" count="13"/>
        <line num="636" type="stmt" count="0"/>
        <line num="638" type="stmt" count="13"/>
        <metrics loc="661" ncloc="441" classes="1" methods="18" coveredmethods="8" conditionals="0" coveredconditionals="0" statements="174" coveredstatements="130" elements="192" coveredelements="138"/>
      </file>
    </package>
    <file name="D:\code\packages\qr-code-lib\src/QR_Code/Contracts/CodeType.php">
      <metrics loc="20" ncloc="7" classes="0" methods="0" coveredmethods="0" conditionals="0" coveredconditionals="0" statements="0" coveredstatements="0" elements="0" coveredelements="0"/>
    </file>
    <file name="D:\code\packages\qr-code-lib\src/QR_Code/Contracts/VCardItem.php">
      <metrics loc="19" ncloc="6" classes="0" methods="0" coveredmethods="0" conditionals="0" coveredconditionals="0" statements="0" coveredstatements="0" elements="0" coveredelements="0"/>
    </file>
    <package name="QR_Code\Encoder">
      <file name="D:\code\packages\qr-code-lib\src/QR_Code/Encoder/BitStream.php">
        <class name="QR_Code\Encoder\BitStream" namespace="QR_Code\Encoder" fullPackage="QR_Code" package="QR_Code">
          <metrics complexity="25" methods="8" coveredmethods="4" conditionals="0" coveredconditionals="0" statements="70" coveredstatements="57" elements="78" coveredelements="61"/>
        </class>
        <line num="26" type="method" name="size" visibility="public" complexity="1" crap="1" count="13"/>
        <line num="28" type="stmt" count="13"/>
        <line num="35" type="method" name="allocate" visibility="public" complexity="1" crap="1" count="13"/>
        <line num="37" type="stmt" count="13"/>
        <line num="39" type="stmt" count="13"/>
        <line num="47" type="method" name="newFromNum" visibility="public" complexity="3" crap="3" count="13"/>
        <line num="49" type="stmt" count="13"/>
        <line num="50" type="stmt" count="13"/>
        <line num="52" type="stmt" count="13"/>
        <line num="53" type="stmt" count="13"/>
        <line num="54" type="stmt" count="13"/>
        <line num="55" type="stmt" count="13"/>
        <line num="57" type="stmt" count="13"/>
        <line num="59" type="stmt" count="13"/>
        <line num="62" type="stmt" count="13"/>
        <line num="70" type="method" name="newFromBytes" visibility="public" complexity="4" crap="4" count="13"/>
        <line num="72" type="stmt" count="13"/>
        <line num="73" type="stmt" count="13"/>
        <line num="74" type="stmt" count="13"/>
        <line num="76" type="stmt" count="13"/>
        <line num="77" type="stmt" count="13"/>
        <line num="78" type="stmt" count="13"/>
        <line num="79" type="stmt" count="13"/>
        <line num="80" type="stmt" count="13"/>
        <line num="82" type="stmt" count="13"/>
        <line num="84" type="stmt" count="13"/>
        <line num="85" type="stmt" count="13"/>
        <line num="89" type="stmt" count="13"/>
        <line num="96" type="method" name="append" visibility="public" complexity="4" crap="4.18" count="13"/>
        <line num="98" type="stmt" count="13"/>
        <line num="99" type="stmt" count="0"/>
        <line num="102" type="stmt" count="13"/>
        <line num="103" type="stmt" count="0"/>
        <line num="106" type="stmt" count="13"/>
        <line num="107" type="stmt" count="13"/>
        <line num="108" type="stmt" count="13"/>
        <line num="111" type="stmt" count="13"/>
        <line num="113" type="stmt" count="13"/>
        <line num="121" type="method" name="appendNum" visibility="public" complexity="3" crap="3.14" count="13"/>
        <line num="123" type="stmt" count="13"/>
        <line num="124" type="stmt" count="0"/>
        <line num="126" type="stmt" count="13"/>
        <line num="128" type="stmt" count="13"/>
        <line num="129" type="stmt" count="0"/>
        <line num="131" type="stmt" count="13"/>
        <line num="132" type="stmt" count="13"/>
        <line num="134" type="stmt" count="13"/>
        <line num="142" type="method" name="appendBytes" visibility="public" complexity="3" crap="3.14" count="13"/>
        <line num="144" type="stmt" count="13"/>
        <line num="145" type="stmt" count="0"/>
        <line num="147" type="stmt" count="13"/>
        <line num="149" type="stmt" count="13"/>
        <line num="150" type="stmt" count="0"/>
        <line num="152" type="stmt" count="13"/>
        <line num="153" type="stmt" count="13"/>
        <line num="155" type="stmt" count="13"/>
        <line num="161" type="method" name="toByte" visibility="public" complexity="6" crap="7.33" count="13"/>
        <line num="163" type="stmt" count="13"/>
        <line num="165" type="stmt" count="13"/>
        <line num="166" type="stmt" count="0"/>
        <line num="169" type="stmt" count="13"/>
        <line num="170" type="stmt" count="13"/>
        <line num="172" type="stmt" count="13"/>
        <line num="174" type="stmt" count="13"/>
        <line num="175" type="stmt" count="13"/>
        <line num="176" type="stmt" count="13"/>
        <line num="177" type="stmt" count="13"/>
        <line num="178" type="stmt" count="13"/>
        <line num="179" type="stmt" count="13"/>
        <line num="181" type="stmt" count="13"/>
        <line num="184" type="stmt" count="13"/>
        <line num="185" type="stmt" count="0"/>
        <line num="186" type="stmt" count="0"/>
        <line num="187" type="stmt" count="0"/>
        <line num="188" type="stmt" count="0"/>
        <line num="189" type="stmt" count="0"/>
        <line num="191" type="stmt" count="0"/>
        <line num="194" type="stmt" count="13"/>
        <metrics loc="195" ncloc="147" classes="1" methods="8" coveredmethods="4" conditionals="0" coveredconditionals="0" statements="70" coveredstatements="57" elements="78" coveredelements="61"/>
      </file>
      <file name="D:\code\packages\qr-code-lib\src/QR_Code/Encoder/Encoder.php">
        <class name="QR_Code\Encoder\Encoder" namespace="QR_Code\Encoder" fullPackage="QR_Code" package="QR_Code">
          <metrics complexity="28" methods="6" coveredmethods="0" conditionals="0" coveredconditionals="0" statements="75" coveredstatements="40" elements="81" coveredelements="40"/>
        </class>
        <line num="47" type="method" name="factory" visibility="public" complexity="13" crap="23.82" count="13"/>
        <line num="49" type="stmt" count="13"/>
        <line num="50" type="stmt" count="13"/>
        <line num="51" type="stmt" count="13"/>
        <line num="52" type="stmt" count="13"/>
        <line num="53" type="stmt" count="13"/>
        <line num="54" type="stmt" count="13"/>
        <line num="56" type="stmt" count="13"/>
        <line num="57" type="stmt" count="13"/>
        <line num="58" type="stmt" count="9"/>
        <line num="59" type="stmt" count="9"/>
        <line num="60" type="stmt" count="9"/>
        <line num="61" type="stmt" count="4"/>
        <line num="62" type="stmt" count="4"/>
        <line num="63" type="stmt" count="9"/>
        <line num="64" type="stmt" count="9"/>
        <line num="65" type="stmt" count="9"/>
        <line num="66" type="stmt" count="9"/>
        <line num="67" type="stmt" count="0"/>
        <line num="68" type="stmt" count="0"/>
        <line num="69" type="stmt" count="0"/>
        <line num="70" type="stmt" count="0"/>
        <line num="71" type="stmt" count="0"/>
        <line num="72" type="stmt" count="0"/>
        <line num="73" type="stmt" count="0"/>
        <line num="74" type="stmt" count="0"/>
        <line num="75" type="stmt" count="0"/>
        <line num="76" type="stmt" count="0"/>
        <line num="77" type="stmt" count="0"/>
        <line num="78" type="stmt" count="0"/>
        <line num="81" type="stmt" count="13"/>
        <line num="90" type="method" name="encodeRAW" visibility="public" complexity="3" crap="12" count="0"/>
        <line num="92" type="stmt" count="0"/>
        <line num="94" type="stmt" count="0"/>
        <line num="95" type="stmt" count="0"/>
        <line num="97" type="stmt" count="0"/>
        <line num="100" type="stmt" count="0"/>
        <line num="101" type="stmt" count="0"/>
        <line num="104" type="stmt" count="0"/>
        <line num="113" type="method" name="encode" visibility="public" complexity="3" crap="3.14" count="13"/>
        <line num="115" type="stmt" count="13"/>
        <line num="117" type="stmt" count="13"/>
        <line num="118" type="stmt" count="0"/>
        <line num="120" type="stmt" count="13"/>
        <line num="123" type="stmt" count="13"/>
        <line num="125" type="stmt" count="13"/>
        <line num="126" type="stmt" count="0"/>
        <line num="130" type="stmt" count="13"/>
        <line num="138" type="method" name="encodePNG" visibility="public" complexity="3" crap="3.07" count="11"/>
        <line num="142" type="stmt" count="11"/>
        <line num="143" type="stmt" count="11"/>
        <line num="144" type="stmt" count="11"/>
        <line num="145" type="stmt" count="11"/>
        <line num="147" type="stmt" count="11"/>
        <line num="149" type="stmt" count="11"/>
        <line num="151" type="stmt" count="11"/>
        <line num="153" type="stmt" count="0"/>
        <line num="155" type="stmt" count="0"/>
        <line num="158" type="stmt" count="11"/>
        <line num="165" type="method" name="encodeEPS" visibility="public" complexity="3" crap="12" count="0"/>
        <line num="169" type="stmt" count="0"/>
        <line num="170" type="stmt" count="0"/>
        <line num="171" type="stmt" count="0"/>
        <line num="172" type="stmt" count="0"/>
        <line num="174" type="stmt" count="0"/>
        <line num="176" type="stmt" count="0"/>
        <line num="178" type="stmt" count="0"/>
        <line num="180" type="stmt" count="0"/>
        <line num="182" type="stmt" count="0"/>
        <line num="185" type="stmt" count="0"/>
        <line num="192" type="method" name="encodeSVG" visibility="public" complexity="3" crap="3.07" count="2"/>
        <line num="196" type="stmt" count="2"/>
        <line num="197" type="stmt" count="2"/>
        <line num="198" type="stmt" count="2"/>
        <line num="199" type="stmt" count="2"/>
        <line num="201" type="stmt" count="2"/>
        <line num="203" type="stmt" count="2"/>
        <line num="205" type="stmt" count="2"/>
        <line num="207" type="stmt" count="0"/>
        <line num="209" type="stmt" count="0"/>
        <line num="212" type="stmt" count="2"/>
        <metrics loc="212" ncloc="163" classes="1" methods="6" coveredmethods="0" conditionals="0" coveredconditionals="0" statements="75" coveredstatements="40" elements="81" coveredelements="40"/>
      </file>
      <file name="D:\code\packages\qr-code-lib\src/QR_Code/Encoder/Image.php">
        <class name="QR_Code\Encoder\Image" namespace="QR_Code\Encoder" fullPackage="QR_Code" package="QR_Code">
          <metrics complexity="9" methods="3" coveredmethods="1" conditionals="0" coveredconditionals="0" statements="40" coveredstatements="28" elements="43" coveredelements="29"/>
        </class>
        <line num="27" type="method" name="png" visibility="public" complexity="3" crap="3.85" count="11"/>
        <line num="29" type="stmt" count="11"/>
        <line num="31" type="stmt" count="11"/>
        <line num="32" type="stmt" count="0"/>
        <line num="33" type="stmt" count="0"/>
        <line num="35" type="stmt" count="11"/>
        <line num="36" type="stmt" count="0"/>
        <line num="37" type="stmt" count="0"/>
        <line num="38" type="stmt" count="0"/>
        <line num="40" type="stmt" count="11"/>
        <line num="44" type="stmt" count="11"/>
        <line num="45" type="stmt" count="11"/>
        <line num="56" type="method" name="jpg" visibility="public" complexity="2" crap="6" count="0"/>
        <line num="58" type="stmt" count="0"/>
        <line num="60" type="stmt" count="0"/>
        <line num="61" type="stmt" count="0"/>
        <line num="62" type="stmt" count="0"/>
        <line num="64" type="stmt" count="0"/>
        <line num="67" type="stmt" count="0"/>
        <line num="68" type="stmt" count="0"/>
        <line num="80" type="method" name="image" visibility="public" complexity="4" crap="4" count="11"/>
        <line num="82" type="stmt" count="11"/>
        <line num="83" type="stmt" count="11"/>
        <line num="85" type="stmt" count="11"/>
        <line num="86" type="stmt" count="11"/>
        <line num="88" type="stmt" count="11"/>
        <line num="93" type="stmt" count="11"/>
        <line num="94" type="stmt" count="11"/>
        <line num="95" type="stmt" count="11"/>
        <line num="100" type="stmt" count="11"/>
        <line num="101" type="stmt" count="11"/>
        <line num="102" type="stmt" count="11"/>
        <line num="105" type="stmt" count="11"/>
        <line num="106" type="stmt" count="11"/>
        <line num="108" type="stmt" count="11"/>
        <line num="110" type="stmt" count="11"/>
        <line num="111" type="stmt" count="11"/>
        <line num="112" type="stmt" count="11"/>
        <line num="113" type="stmt" count="11"/>
        <line num="118" type="stmt" count="11"/>
        <line num="119" type="stmt" count="11"/>
        <line num="120" type="stmt" count="11"/>
        <line num="122" type="stmt" count="11"/>
        <metrics loc="123" ncloc="78" classes="1" methods="3" coveredmethods="1" conditionals="0" coveredconditionals="0" statements="40" coveredstatements="28" elements="43" coveredelements="29"/>
      </file>
      <file name="D:\code\packages\qr-code-lib\src/QR_Code/Encoder/Input.php">
        <class name="QR_Code\Encoder\Input" namespace="QR_Code\Encoder" fullPackage="QR_Code" package="QR_Code">
          <metrics complexity="95" methods="27" coveredmethods="6" conditionals="0" coveredconditionals="0" statements="195" coveredstatements="102" elements="222" coveredelements="108"/>
        </class>
        <line num="31" type="method" name="__construct" visibility="public" complexity="4" crap="4.13" count="13"/>
        <line num="33" type="stmt" count="13"/>
        <line num="34" type="stmt" count="0"/>
        <line num="37" type="stmt" count="13"/>
        <line num="38" type="stmt" count="13"/>
        <line num="39" type="stmt" count="13"/>
        <line num="44" type="method" name="getVersion" visibility="public" complexity="1" crap="1" count="13"/>
        <line num="46" type="stmt" count="13"/>
        <line num="54" type="method" name="setVersion" visibility="public" complexity="3" crap="3.14" count="13"/>
        <line num="56" type="stmt" count="13"/>
        <line num="57" type="stmt" count="0"/>
        <line num="60" type="stmt" count="13"/>
        <line num="62" type="stmt" count="13"/>
        <line num="68" type="method" name="getErrorCorrectionLevel" visibility="public" complexity="1" crap="1" count="13"/>
        <line num="70" type="stmt" count="13"/>
        <line num="78" type="method" name="setErrorCorrectionLevel" visibility="public" complexity="2" crap="6" count="0"/>
        <line num="80" type="stmt" count="0"/>
        <line num="81" type="stmt" count="0"/>
        <line num="84" type="stmt" count="0"/>
        <line num="86" type="stmt" count="0"/>
        <line num="92" type="method" name="appendEntry" visibility="public" complexity="1" crap="2" count="0"/>
        <line num="94" type="stmt" count="0"/>
        <line num="95" type="stmt" count="0"/>
        <line num="103" type="method" name="append" visibility="public" complexity="2" crap="2.26" count="13"/>
        <line num="106" type="stmt" count="13"/>
        <line num="107" type="stmt" count="13"/>
        <line num="108" type="stmt" count="13"/>
        <line num="109" type="stmt" count="0"/>
        <line num="110" type="stmt" count="0"/>
        <line num="121" type="method" name="insertStructuredAppendHeader" visibility="public" complexity="5" crap="30" count="0"/>
        <line num="123" type="stmt" count="0"/>
        <line num="124" type="stmt" count="0"/>
        <line num="127" type="stmt" count="0"/>
        <line num="128" type="stmt" count="0"/>
        <line num="131" type="stmt" count="0"/>
        <line num="134" type="stmt" count="0"/>
        <line num="135" type="stmt" count="0"/>
        <line num="136" type="stmt" count="0"/>
        <line num="137" type="stmt" count="0"/>
        <line num="138" type="stmt" count="0"/>
        <line num="145" type="method" name="calcParity" visibility="public" complexity="4" crap="20" count="0"/>
        <line num="147" type="stmt" count="0"/>
        <line num="149" type="stmt" count="0"/>
        <line num="150" type="stmt" count="0"/>
        <line num="151" type="stmt" count="0"/>
        <line num="152" type="stmt" count="0"/>
        <line num="157" type="stmt" count="0"/>
        <line num="165" type="method" name="checkModeNum" visibility="public" complexity="4" crap="4.25" count="1"/>
        <line num="167" type="stmt" count="1"/>
        <line num="168" type="stmt" count="1"/>
        <line num="169" type="stmt" count="0"/>
        <line num="173" type="stmt" count="1"/>
        <line num="180" type="method" name="estimateBitsModeNum" visibility="public" complexity="3" crap="3.43" count="6"/>
        <line num="182" type="stmt" count="6"/>
        <line num="183" type="stmt" count="6"/>
        <line num="185" type="stmt" count="6"/>
        <line num="186" type="stmt" count="6"/>
        <line num="187" type="stmt" count="0"/>
        <line num="188" type="stmt" count="0"/>
        <line num="189" type="stmt" count="6"/>
        <line num="190" type="stmt" count="0"/>
        <line num="191" type="stmt" count="0"/>
        <line num="193" type="stmt" count="6"/>
        <line num="196" type="stmt" count="6"/>
        <line num="217" type="method" name="lookAnTable" visibility="public" complexity="2" crap="2" count="13"/>
        <line num="219" type="stmt" count="13"/>
        <line num="227" type="method" name="checkModeAn" visibility="public" complexity="3" crap="3.14" count="7"/>
        <line num="229" type="stmt" count="7"/>
        <line num="230" type="stmt" count="7"/>
        <line num="231" type="stmt" count="0"/>
        <line num="235" type="stmt" count="7"/>
        <line num="242" type="method" name="estimateBitsModeAn" visibility="public" complexity="2" crap="2" count="13"/>
        <line num="244" type="stmt" count="13"/>
        <line num="245" type="stmt" count="13"/>
        <line num="247" type="stmt" count="13"/>
        <line num="248" type="stmt" count="13"/>
        <line num="251" type="stmt" count="13"/>
        <line num="258" type="method" name="estimateBitsMode8" visibility="public" complexity="1" crap="1" count="13"/>
        <line num="260" type="stmt" count="13"/>
        <line num="267" type="method" name="estimateBitsModeKanji" visibility="public" complexity="1" crap="2" count="0"/>
        <line num="269" type="stmt" count="0"/>
        <line num="277" type="method" name="checkModeKanji" visibility="public" complexity="7" crap="56" count="0"/>
        <line num="279" type="stmt" count="0"/>
        <line num="280" type="stmt" count="0"/>
        <line num="282" type="stmt" count="0"/>
        <line num="283" type="stmt" count="0"/>
        <line num="284" type="stmt" count="0"/>
        <line num="285" type="stmt" count="0"/>
        <line num="286" type="stmt" count="0"/>
        <line num="287" type="stmt" count="0"/>
        <line num="291" type="stmt" count="0"/>
        <line num="302" type="method" name="check" visibility="public" complexity="7" crap="10.86" count="13"/>
        <line num="304" type="stmt" count="13"/>
        <line num="305" type="stmt" count="0"/>
        <line num="308" type="stmt" count="13"/>
        <line num="309" type="stmt" count="1"/>
        <line num="311" type="stmt" count="13"/>
        <line num="312" type="stmt" count="7"/>
        <line num="314" type="stmt" count="12"/>
        <line num="315" type="stmt" count="0"/>
        <line num="317" type="stmt" count="12"/>
        <line num="318" type="stmt" count="12"/>
        <line num="320" type="stmt" count="0"/>
        <line num="321" type="stmt" count="0"/>
        <line num="325" type="stmt" count="0"/>
        <line num="328" type="stmt" count="0"/>
        <line num="336" type="method" name="estimateBitStreamSize" visibility="public" complexity="2" crap="2" count="13"/>
        <line num="338" type="stmt" count="13"/>
        <line num="343" type="stmt" count="13"/>
        <line num="344" type="stmt" count="13"/>
        <line num="347" type="stmt" count="13"/>
        <line num="353" type="method" name="estimateVersion" visibility="public" complexity="3" crap="3.02" count="13"/>
        <line num="355" type="stmt" count="13"/>
        <line num="358" type="stmt" count="13"/>
        <line num="359" type="stmt" count="13"/>
        <line num="360" type="stmt" count="13"/>
        <line num="361" type="stmt" count="13"/>
        <line num="362" type="stmt" count="0"/>
        <line num="364" type="stmt" count="13"/>
        <line num="366" type="stmt" count="13"/>
        <line num="375" type="method" name="lengthOfCode" visibility="public" complexity="11" crap="132" count="0"/>
        <line num="377" type="stmt" count="0"/>
        <line num="379" type="stmt" count="0"/>
        <line num="380" type="stmt" count="0"/>
        <line num="381" type="stmt" count="0"/>
        <line num="382" type="stmt" count="0"/>
        <line num="383" type="stmt" count="0"/>
        <line num="384" type="stmt" count="0"/>
        <line num="385" type="stmt" count="0"/>
        <line num="386" type="stmt" count="0"/>
        <line num="388" type="stmt" count="0"/>
        <line num="389" type="stmt" count="0"/>
        <line num="390" type="stmt" count="0"/>
        <line num="391" type="stmt" count="0"/>
        <line num="392" type="stmt" count="0"/>
        <line num="393" type="stmt" count="0"/>
        <line num="394" type="stmt" count="0"/>
        <line num="395" type="stmt" count="0"/>
        <line num="396" type="stmt" count="0"/>
        <line num="397" type="stmt" count="0"/>
        <line num="398" type="stmt" count="0"/>
        <line num="399" type="stmt" count="0"/>
        <line num="400" type="stmt" count="0"/>
        <line num="401" type="stmt" count="0"/>
        <line num="402" type="stmt" count="0"/>
        <line num="403" type="stmt" count="0"/>
        <line num="404" type="stmt" count="0"/>
        <line num="406" type="stmt" count="0"/>
        <line num="407" type="stmt" count="0"/>
        <line num="410" type="stmt" count="0"/>
        <line num="411" type="stmt" count="0"/>
        <line num="412" type="stmt" count="0"/>
        <line num="414" type="stmt" count="0"/>
        <line num="420" type="method" name="createBitStream" visibility="public" complexity="3" crap="3.03" count="13"/>
        <line num="422" type="stmt" count="13"/>
        <line num="427" type="stmt" count="13"/>
        <line num="428" type="stmt" count="13"/>
        <line num="430" type="stmt" count="13"/>
        <line num="431" type="stmt" count="0"/>
        <line num="433" type="stmt" count="13"/>
        <line num="436" type="stmt" count="13"/>
        <line num="443" type="method" name="convertData" visibility="public" complexity="6" crap="6.35" count="13"/>
        <line num="445" type="stmt" count="13"/>
        <line num="446" type="stmt" count="13"/>
        <line num="447" type="stmt" count="13"/>
        <line num="450" type="stmt" count="13"/>
        <line num="451" type="stmt" count="13"/>
        <line num="453" type="stmt" count="13"/>
        <line num="454" type="stmt" count="0"/>
        <line num="456" type="stmt" count="13"/>
        <line num="457" type="stmt" count="13"/>
        <line num="458" type="stmt" count="0"/>
        <line num="459" type="stmt" count="13"/>
        <line num="460" type="stmt" count="0"/>
        <line num="462" type="stmt" count="13"/>
        <line num="466" type="stmt" count="13"/>
        <line num="473" type="method" name="appendPaddingBit" visibility="public" complexity="8" crap="8.34" count="13"/>
        <line num="475" type="stmt" count="13"/>
        <line num="476" type="stmt" count="13"/>
        <line num="477" type="stmt" count="13"/>
        <line num="479" type="stmt" count="13"/>
        <line num="480" type="stmt" count="0"/>
        <line num="483" type="stmt" count="13"/>
        <line num="484" type="stmt" count="0"/>
        <line num="487" type="stmt" count="13"/>
        <line num="488" type="stmt" count="13"/>
        <line num="490" type="stmt" count="13"/>
        <line num="491" type="stmt" count="13"/>
        <line num="493" type="stmt" count="13"/>
        <line num="494" type="stmt" count="0"/>
        <line num="496" type="stmt" count="13"/>
        <line num="498" type="stmt" count="13"/>
        <line num="500" type="stmt" count="13"/>
        <line num="501" type="stmt" count="13"/>
        <line num="502" type="stmt" count="13"/>
        <line num="505" type="stmt" count="13"/>
        <line num="507" type="stmt" count="13"/>
        <line num="508" type="stmt" count="0"/>
        <line num="512" type="stmt" count="13"/>
        <line num="514" type="stmt" count="13"/>
        <line num="521" type="method" name="mergeBitStream" visibility="public" complexity="4" crap="4.03" count="13"/>
        <line num="523" type="stmt" count="13"/>
        <line num="524" type="stmt" count="0"/>
        <line num="527" type="stmt" count="13"/>
        <line num="529" type="stmt" count="13"/>
        <line num="530" type="stmt" count="13"/>
        <line num="531" type="stmt" count="13"/>
        <line num="532" type="stmt" count="13"/>
        <line num="536" type="stmt" count="13"/>
        <line num="543" type="method" name="getBitStream" visibility="public" complexity="3" crap="3.21" count="13"/>
        <line num="546" type="stmt" count="13"/>
        <line num="548" type="stmt" count="13"/>
        <line num="549" type="stmt" count="0"/>
        <line num="552" type="stmt" count="13"/>
        <line num="553" type="stmt" count="13"/>
        <line num="554" type="stmt" count="0"/>
        <line num="557" type="stmt" count="13"/>
        <line num="564" type="method" name="getByteStream" visibility="public" complexity="2" crap="2.06" count="13"/>
        <line num="566" type="stmt" count="13"/>
        <line num="567" type="stmt" count="13"/>
        <line num="568" type="stmt" count="0"/>
        <line num="571" type="stmt" count="13"/>
        <metrics loc="572" ncloc="432" classes="1" methods="27" coveredmethods="6" conditionals="0" coveredconditionals="0" statements="195" coveredstatements="102" elements="222" coveredelements="108"/>
      </file>
      <file name="D:\code\packages\qr-code-lib\src/QR_Code/Encoder/InputItem.php">
        <class name="QR_Code\Encoder\InputItem" namespace="QR_Code\Encoder" fullPackage="QR_Code" package="QR_Code">
          <metrics complexity="37" methods="8" coveredmethods="0" conditionals="0" coveredconditionals="0" statements="137" coveredstatements="78" elements="145" coveredelements="78"/>
        </class>
        <line num="36" type="method" name="__construct" visibility="public" complexity="3" crap="3.07" count="13"/>
        <line num="38" type="stmt" count="13"/>
        <line num="40" type="stmt" count="13"/>
        <line num="41" type="stmt" count="0"/>
        <line num="44" type="stmt" count="13"/>
        <line num="45" type="stmt" count="0"/>
        <line num="48" type="stmt" count="13"/>
        <line num="49" type="stmt" count="13"/>
        <line num="50" type="stmt" count="13"/>
        <line num="51" type="stmt" count="13"/>
        <line num="52" type="stmt" count="13"/>
        <line num="58" type="method" name="encodeModeNum" visibility="public" complexity="5" crap="5.17" count="1"/>
        <line num="62" type="stmt" count="1"/>
        <line num="63" type="stmt" count="1"/>
        <line num="65" type="stmt" count="1"/>
        <line num="66" type="stmt" count="1"/>
        <line num="67" type="stmt" count="1"/>
        <line num="69" type="stmt" count="1"/>
        <line num="70" type="stmt" count="1"/>
        <line num="71" type="stmt" count="1"/>
        <line num="72" type="stmt" count="1"/>
        <line num="73" type="stmt" count="1"/>
        <line num="76" type="stmt" count="1"/>
        <line num="77" type="stmt" count="0"/>
        <line num="78" type="stmt" count="0"/>
        <line num="79" type="stmt" count="1"/>
        <line num="80" type="stmt" count="1"/>
        <line num="81" type="stmt" count="1"/>
        <line num="82" type="stmt" count="1"/>
        <line num="85" type="stmt" count="1"/>
        <line num="86" type="stmt" count="1"/>
        <line num="88" type="stmt" count="0"/>
        <line num="89" type="stmt" count="0"/>
        <line num="97" type="method" name="encodeModeAn" visibility="public" complexity="4" crap="4.04" count="7"/>
        <line num="100" type="stmt" count="7"/>
        <line num="101" type="stmt" count="7"/>
        <line num="103" type="stmt" count="7"/>
        <line num="104" type="stmt" count="7"/>
        <line num="106" type="stmt" count="7"/>
        <line num="107" type="stmt" count="7"/>
        <line num="108" type="stmt" count="7"/>
        <line num="110" type="stmt" count="7"/>
        <line num="113" type="stmt" count="7"/>
        <line num="114" type="stmt" count="4"/>
        <line num="115" type="stmt" count="4"/>
        <line num="118" type="stmt" count="7"/>
        <line num="119" type="stmt" count="7"/>
        <line num="121" type="stmt" count="0"/>
        <line num="122" type="stmt" count="0"/>
        <line num="130" type="method" name="encodeMode8" visibility="public" complexity="3" crap="3.10" count="12"/>
        <line num="133" type="stmt" count="12"/>
        <line num="135" type="stmt" count="12"/>
        <line num="136" type="stmt" count="12"/>
        <line num="138" type="stmt" count="12"/>
        <line num="139" type="stmt" count="12"/>
        <line num="142" type="stmt" count="12"/>
        <line num="143" type="stmt" count="12"/>
        <line num="145" type="stmt" count="0"/>
        <line num="146" type="stmt" count="0"/>
        <line num="154" type="method" name="encodeModeKanji" visibility="public" complexity="4" crap="20" count="0"/>
        <line num="158" type="stmt" count="0"/>
        <line num="160" type="stmt" count="0"/>
        <line num="161" type="stmt" count="0"/>
        <line num="163" type="stmt" count="0"/>
        <line num="164" type="stmt" count="0"/>
        <line num="165" type="stmt" count="0"/>
        <line num="166" type="stmt" count="0"/>
        <line num="168" type="stmt" count="0"/>
        <line num="171" type="stmt" count="0"/>
        <line num="172" type="stmt" count="0"/>
        <line num="174" type="stmt" count="0"/>
        <line num="177" type="stmt" count="0"/>
        <line num="178" type="stmt" count="0"/>
        <line num="180" type="stmt" count="0"/>
        <line num="181" type="stmt" count="0"/>
        <line num="188" type="method" name="encodeModeStructure" visibility="public" complexity="2" crap="6" count="0"/>
        <line num="191" type="stmt" count="0"/>
        <line num="193" type="stmt" count="0"/>
        <line num="194" type="stmt" count="0"/>
        <line num="195" type="stmt" count="0"/>
        <line num="196" type="stmt" count="0"/>
        <line num="198" type="stmt" count="0"/>
        <line num="199" type="stmt" count="0"/>
        <line num="201" type="stmt" count="0"/>
        <line num="202" type="stmt" count="0"/>
        <line num="210" type="method" name="estimateBitStreamSizeOfEntry" visibility="public" complexity="7" crap="7.87" count="13"/>
        <line num="212" type="stmt" count="13"/>
        <line num="213" type="stmt" count="13"/>
        <line num="215" type="stmt" count="13"/>
        <line num="216" type="stmt" count="13"/>
        <line num="217" type="stmt" count="1"/>
        <line num="218" type="stmt" count="1"/>
        <line num="219" type="stmt" count="13"/>
        <line num="220" type="stmt" count="7"/>
        <line num="221" type="stmt" count="7"/>
        <line num="222" type="stmt" count="12"/>
        <line num="223" type="stmt" count="12"/>
        <line num="224" type="stmt" count="12"/>
        <line num="225" type="stmt" count="0"/>
        <line num="226" type="stmt" count="0"/>
        <line num="227" type="stmt" count="0"/>
        <line num="228" type="stmt" count="0"/>
        <line num="229" type="stmt" count="0"/>
        <line num="231" type="stmt" count="0"/>
        <line num="234" type="stmt" count="13"/>
        <line num="235" type="stmt" count="13"/>
        <line num="236" type="stmt" count="13"/>
        <line num="238" type="stmt" count="13"/>
        <line num="240" type="stmt" count="13"/>
        <line num="247" type="method" name="encodeBitStream" visibility="public" complexity="9" crap="21.96" count="13"/>
        <line num="250" type="stmt" count="13"/>
        <line num="251" type="stmt" count="13"/>
        <line num="253" type="stmt" count="13"/>
        <line num="255" type="stmt" count="0"/>
        <line num="256" type="stmt" count="0"/>
        <line num="258" type="stmt" count="0"/>
        <line num="259" type="stmt" count="0"/>
        <line num="261" type="stmt" count="0"/>
        <line num="262" type="stmt" count="0"/>
        <line num="263" type="stmt" count="0"/>
        <line num="265" type="stmt" count="0"/>
        <line num="266" type="stmt" count="0"/>
        <line num="270" type="stmt" count="13"/>
        <line num="272" type="stmt" count="13"/>
        <line num="273" type="stmt" count="13"/>
        <line num="274" type="stmt" count="1"/>
        <line num="275" type="stmt" count="1"/>
        <line num="276" type="stmt" count="13"/>
        <line num="277" type="stmt" count="7"/>
        <line num="278" type="stmt" count="7"/>
        <line num="279" type="stmt" count="12"/>
        <line num="280" type="stmt" count="12"/>
        <line num="281" type="stmt" count="12"/>
        <line num="282" type="stmt" count="0"/>
        <line num="283" type="stmt" count="0"/>
        <line num="284" type="stmt" count="0"/>
        <line num="285" type="stmt" count="0"/>
        <line num="286" type="stmt" count="0"/>
        <line num="287" type="stmt" count="0"/>
        <line num="290" type="stmt" count="0"/>
        <line num="293" type="stmt" count="13"/>
        <line num="294" type="stmt" count="0"/>
        <line num="297" type="stmt" count="13"/>
        <line num="299" type="stmt" count="0"/>
        <line num="300" type="stmt" count="0"/>
        <metrics loc="302" ncloc="253" classes="1" methods="8" coveredmethods="0" conditionals="0" coveredconditionals="0" statements="137" coveredstatements="78" elements="145" coveredelements="78"/>
      </file>
      <file name="D:\code\packages\qr-code-lib\src/QR_Code/Encoder/Mask.php">
        <class name="QR_Code\Encoder\Mask" namespace="QR_Code\Encoder" fullPackage="QR_Code" package="QR_Code">
          <metrics complexity="71" methods="10" coveredmethods="6" conditionals="0" coveredconditionals="0" statements="146" coveredstatements="126" elements="156" coveredelements="132"/>
        </class>
        <line num="25" type="method" name="__construct" visibility="public" complexity="1" crap="1" count="13"/>
        <line num="27" type="stmt" count="13"/>
        <line num="28" type="stmt" count="13"/>
        <line num="37" type="method" name="writeFormatInformation" visibility="public" complexity="7" crap="7" count="13"/>
        <line num="39" type="stmt" count="13"/>
        <line num="40" type="stmt" count="13"/>
        <line num="42" type="stmt" count="13"/>
        <line num="43" type="stmt" count="13"/>
        <line num="44" type="stmt" count="13"/>
        <line num="45" type="stmt" count="13"/>
        <line num="47" type="stmt" count="13"/>
        <line num="50" type="stmt" count="13"/>
        <line num="51" type="stmt" count="13"/>
        <line num="52" type="stmt" count="13"/>
        <line num="54" type="stmt" count="13"/>
        <line num="56" type="stmt" count="13"/>
        <line num="59" type="stmt" count="13"/>
        <line num="60" type="stmt" count="13"/>
        <line num="61" type="stmt" count="13"/>
        <line num="62" type="stmt" count="13"/>
        <line num="64" type="stmt" count="13"/>
        <line num="67" type="stmt" count="13"/>
        <line num="68" type="stmt" count="13"/>
        <line num="69" type="stmt" count="13"/>
        <line num="71" type="stmt" count="13"/>
        <line num="74" type="stmt" count="13"/>
        <line num="77" type="stmt" count="13"/>
        <line num="107" type="method" name="generateMaskNo" visibility="private" complexity="5" crap="5" count="13"/>
        <line num="109" type="stmt" count="13"/>
        <line num="111" type="stmt" count="13"/>
        <line num="112" type="stmt" count="13"/>
        <line num="113" type="stmt" count="13"/>
        <line num="114" type="stmt" count="13"/>
        <line num="116" type="stmt" count="13"/>
        <line num="117" type="stmt" count="13"/>
        <line num="123" type="stmt" count="13"/>
        <line num="130" type="method" name="serial" visibility="public" complexity="2" crap="6" count="0"/>
        <line num="132" type="stmt" count="0"/>
        <line num="134" type="stmt" count="0"/>
        <line num="135" type="stmt" count="0"/>
        <line num="137" type="stmt" count="0"/>
        <line num="144" type="method" name="unserial" visibility="public" complexity="2" crap="6" count="0"/>
        <line num="146" type="stmt" count="0"/>
        <line num="148" type="stmt" count="0"/>
        <line num="149" type="stmt" count="0"/>
        <line num="150" type="stmt" count="0"/>
        <line num="152" type="stmt" count="0"/>
        <line num="163" type="method" name="makeMaskNo" visibility="public" complexity="8" crap="10.74" count="13"/>
        <line num="165" type="stmt" count="13"/>
        <line num="166" type="stmt" count="13"/>
        <line num="168" type="stmt" count="13"/>
        <line num="170" type="stmt" count="13"/>
        <line num="171" type="stmt" count="0"/>
        <line num="172" type="stmt" count="0"/>
        <line num="174" type="stmt" count="0"/>
        <line num="175" type="stmt" count="0"/>
        <line num="176" type="stmt" count="0"/>
        <line num="177" type="stmt" count="0"/>
        <line num="180" type="stmt" count="13"/>
        <line num="183" type="stmt" count="13"/>
        <line num="184" type="stmt" count="0"/>
        <line num="186" type="stmt" count="13"/>
        <line num="188" type="stmt" count="13"/>
        <line num="189" type="stmt" count="13"/>
        <line num="190" type="stmt" count="13"/>
        <line num="191" type="stmt" count="13"/>
        <line num="193" type="stmt" count="13"/>
        <line num="197" type="stmt" count="13"/>
        <line num="207" type="method" name="makeMask" visibility="public" complexity="1" crap="2" count="0"/>
        <line num="209" type="stmt" count="0"/>
        <line num="210" type="stmt" count="0"/>
        <line num="211" type="stmt" count="0"/>
        <line num="213" type="stmt" count="0"/>
        <line num="220" type="method" name="calcN1N3" visibility="public" complexity="15" crap="15" count="13"/>
        <line num="222" type="stmt" count="13"/>
        <line num="224" type="stmt" count="13"/>
        <line num="226" type="stmt" count="13"/>
        <line num="227" type="stmt" count="13"/>
        <line num="229" type="stmt" count="13"/>
        <line num="230" type="stmt" count="13"/>
        <line num="231" type="stmt" count="13"/>
        <line num="232" type="stmt" count="13"/>
        <line num="233" type="stmt" count="13"/>
        <line num="234" type="stmt" count="13"/>
        <line num="235" type="stmt" count="13"/>
        <line num="236" type="stmt" count="13"/>
        <line num="237" type="stmt" count="13"/>
        <line num="238" type="stmt" count="13"/>
        <line num="239" type="stmt" count="13"/>
        <line num="245" type="stmt" count="13"/>
        <line num="253" type="method" name="evaluateSymbol" visibility="public" complexity="17" crap="17" count="13"/>
        <line num="255" type="stmt" count="13"/>
        <line num="256" type="stmt" count="13"/>
        <line num="258" type="stmt" count="13"/>
        <line num="259" type="stmt" count="13"/>
        <line num="260" type="stmt" count="13"/>
        <line num="262" type="stmt" count="13"/>
        <line num="264" type="stmt" count="13"/>
        <line num="265" type="stmt" count="13"/>
        <line num="267" type="stmt" count="13"/>
        <line num="268" type="stmt" count="13"/>
        <line num="269" type="stmt" count="13"/>
        <line num="270" type="stmt" count="13"/>
        <line num="272" type="stmt" count="13"/>
        <line num="273" type="stmt" count="13"/>
        <line num="276" type="stmt" count="13"/>
        <line num="277" type="stmt" count="13"/>
        <line num="278" type="stmt" count="13"/>
        <line num="279" type="stmt" count="13"/>
        <line num="280" type="stmt" count="13"/>
        <line num="281" type="stmt" count="13"/>
        <line num="282" type="stmt" count="13"/>
        <line num="283" type="stmt" count="13"/>
        <line num="285" type="stmt" count="13"/>
        <line num="290" type="stmt" count="13"/>
        <line num="293" type="stmt" count="13"/>
        <line num="294" type="stmt" count="13"/>
        <line num="295" type="stmt" count="13"/>
        <line num="297" type="stmt" count="13"/>
        <line num="298" type="stmt" count="13"/>
        <line num="299" type="stmt" count="13"/>
        <line num="300" type="stmt" count="13"/>
        <line num="301" type="stmt" count="13"/>
        <line num="302" type="stmt" count="13"/>
        <line num="303" type="stmt" count="13"/>
        <line num="304" type="stmt" count="13"/>
        <line num="305" type="stmt" count="13"/>
        <line num="307" type="stmt" count="13"/>
        <line num="312" type="stmt" count="13"/>
        <line num="315" type="stmt" count="13"/>
        <line num="325" type="method" name="mask" visibility="public" complexity="5" crap="5" count="13"/>
        <line num="327" type="stmt" count="13"/>
        <line num="328" type="stmt" count="13"/>
        <line num="329" type="stmt" count="13"/>
        <line num="331" type="stmt" count="13"/>
        <line num="333" type="stmt" count="13"/>
        <line num="335" type="stmt" count="13"/>
        <line num="336" type="stmt" count="13"/>
        <line num="337" type="stmt" count="13"/>
        <line num="338" type="stmt" count="13"/>
        <line num="339" type="stmt" count="13"/>
        <line num="344" type="stmt" count="13"/>
        <line num="346" type="stmt" count="13"/>
        <line num="347" type="stmt" count="13"/>
        <line num="349" type="stmt" count="13"/>
        <line num="350" type="stmt" count="13"/>
        <line num="351" type="stmt" count="13"/>
        <line num="352" type="stmt" count="13"/>
        <line num="353" type="stmt" count="13"/>
        <line num="354" type="stmt" count="13"/>
        <line num="355" type="stmt" count="13"/>
        <line num="357" type="stmt" count="13"/>
        <line num="358" type="stmt" count="13"/>
        <line num="359" type="stmt" count="13"/>
        <line num="360" type="stmt" count="13"/>
        <line num="364" type="stmt" count="13"/>
        <metrics loc="365" ncloc="295" classes="1" methods="10" coveredmethods="6" conditionals="0" coveredconditionals="0" statements="146" coveredstatements="126" elements="156" coveredelements="132"/>
      </file>
      <file name="D:\code\packages\qr-code-lib\src/QR_Code/Encoder/RawCode.php">
        <class name="QR_Code\Encoder\RawCode" namespace="QR_Code\Encoder" fullPackage="QR_Code" package="QR_Code">
          <metrics complexity="12" methods="3" coveredmethods="1" conditionals="0" coveredconditionals="0" statements="57" coveredstatements="54" elements="60" coveredelements="55"/>
        </class>
        <line num="37" type="method" name="__construct" visibility="public" complexity="3" crap="3.02" count="13"/>
        <line num="39" type="stmt" count="13"/>
        <line num="41" type="stmt" count="13"/>
        <line num="42" type="stmt" count="13"/>
        <line num="43" type="stmt" count="0"/>
        <line num="46" type="stmt" count="13"/>
        <line num="48" type="stmt" count="13"/>
        <line num="49" type="stmt" count="13"/>
        <line num="50" type="stmt" count="13"/>
        <line num="51" type="stmt" count="13"/>
        <line num="52" type="stmt" count="13"/>
        <line num="53" type="stmt" count="13"/>
        <line num="55" type="stmt" count="13"/>
        <line num="56" type="stmt" count="13"/>
        <line num="57" type="stmt" count="0"/>
        <line num="60" type="stmt" count="13"/>
        <line num="61" type="stmt" count="13"/>
        <line num="67" type="method" name="init" visibility="public" complexity="5" crap="5" count="13"/>
        <line num="69" type="stmt" count="13"/>
        <line num="70" type="stmt" count="13"/>
        <line num="71" type="stmt" count="13"/>
        <line num="74" type="stmt" count="13"/>
        <line num="75" type="stmt" count="13"/>
        <line num="76" type="stmt" count="13"/>
        <line num="77" type="stmt" count="13"/>
        <line num="78" type="stmt" count="13"/>
        <line num="79" type="stmt" count="13"/>
        <line num="80" type="stmt" count="13"/>
        <line num="82" type="stmt" count="13"/>
        <line num="83" type="stmt" count="13"/>
        <line num="84" type="stmt" count="13"/>
        <line num="87" type="stmt" count="13"/>
        <line num="88" type="stmt" count="12"/>
        <line num="90" type="stmt" count="1"/>
        <line num="91" type="stmt" count="1"/>
        <line num="92" type="stmt" count="1"/>
        <line num="94" type="stmt" count="1"/>
        <line num="96" type="stmt" count="1"/>
        <line num="97" type="stmt" count="1"/>
        <line num="98" type="stmt" count="1"/>
        <line num="99" type="stmt" count="1"/>
        <line num="101" type="stmt" count="1"/>
        <line num="102" type="stmt" count="1"/>
        <line num="103" type="stmt" count="1"/>
        <line num="106" type="stmt" count="1"/>
        <line num="112" type="method" name="getCode" visibility="public" complexity="4" crap="4.01" count="13"/>
        <line num="114" type="stmt" count="13"/>
        <line num="116" type="stmt" count="13"/>
        <line num="117" type="stmt" count="13"/>
        <line num="118" type="stmt" count="13"/>
        <line num="119" type="stmt" count="13"/>
        <line num="120" type="stmt" count="1"/>
        <line num="122" type="stmt" count="13"/>
        <line num="123" type="stmt" count="13"/>
        <line num="124" type="stmt" count="13"/>
        <line num="125" type="stmt" count="13"/>
        <line num="126" type="stmt" count="13"/>
        <line num="128" type="stmt" count="0"/>
        <line num="130" type="stmt" count="13"/>
        <line num="132" type="stmt" count="13"/>
        <metrics loc="133" ncloc="108" classes="1" methods="3" coveredmethods="1" conditionals="0" coveredconditionals="0" statements="57" coveredstatements="54" elements="60" coveredelements="55"/>
      </file>
      <file name="D:\code\packages\qr-code-lib\src/QR_Code/Encoder/Vector.php">
        <class name="QR_Code\Encoder\Vector" namespace="QR_Code\Encoder" fullPackage="QR_Code" package="QR_Code">
          <metrics complexity="16" methods="4" coveredmethods="1" conditionals="0" coveredconditionals="0" statements="82" coveredstatements="25" elements="86" coveredelements="26"/>
        </class>
        <line num="30" type="method" name="eps" visibility="public" complexity="3" crap="12" count="0"/>
        <line num="32" type="stmt" count="0"/>
        <line num="34" type="stmt" count="0"/>
        <line num="35" type="stmt" count="0"/>
        <line num="37" type="stmt" count="0"/>
        <line num="39" type="stmt" count="0"/>
        <line num="40" type="stmt" count="0"/>
        <line num="41" type="stmt" count="0"/>
        <line num="43" type="stmt" count="0"/>
        <line num="45" type="stmt" count="0"/>
        <line num="48" type="stmt" count="0"/>
        <line num="60" type="method" name="vectEPS" visibility="private" complexity="5" crap="30" count="0"/>
        <line num="62" type="stmt" count="0"/>
        <line num="63" type="stmt" count="0"/>
        <line num="65" type="stmt" count="0"/>
        <line num="66" type="stmt" count="0"/>
        <line num="68" type="stmt" count="0"/>
        <line num="70" type="stmt" count="0"/>
        <line num="71" type="stmt" count="0"/>
        <line num="72" type="stmt" count="0"/>
        <line num="73" type="stmt" count="0"/>
        <line num="74" type="stmt" count="0"/>
        <line num="77" type="stmt" count="0"/>
        <line num="78" type="stmt" count="0"/>
        <line num="79" type="stmt" count="0"/>
        <line num="80" type="stmt" count="0"/>
        <line num="81" type="stmt" count="0"/>
        <line num="84" type="stmt" count="0"/>
        <line num="85" type="stmt" count="0"/>
        <line num="86" type="stmt" count="0"/>
        <line num="87" type="stmt" count="0"/>
        <line num="90" type="stmt" count="0"/>
        <line num="91" type="stmt" count="0"/>
        <line num="92" type="stmt" count="0"/>
        <line num="93" type="stmt" count="0"/>
        <line num="100" type="stmt" count="0"/>
        <line num="101" type="stmt" count="0"/>
        <line num="102" type="stmt" count="0"/>
        <line num="103" type="stmt" count="0"/>
        <line num="104" type="stmt" count="0"/>
        <line num="107" type="stmt" count="0"/>
        <line num="110" type="stmt" count="0"/>
        <line num="114" type="stmt" count="0"/>
        <line num="117" type="stmt" count="0"/>
        <line num="118" type="stmt" count="0"/>
        <line num="122" type="stmt" count="0"/>
        <line num="126" type="stmt" count="0"/>
        <line num="127" type="stmt" count="0"/>
        <line num="128" type="stmt" count="0"/>
        <line num="129" type="stmt" count="0"/>
        <line num="130" type="stmt" count="0"/>
        <line num="131" type="stmt" count="0"/>
        <line num="137" type="stmt" count="0"/>
        <line num="139" type="stmt" count="0"/>
        <line num="151" type="method" name="svg" visibility="public" complexity="3" crap="4.12" count="2"/>
        <line num="153" type="stmt" count="2"/>
        <line num="155" type="stmt" count="2"/>
        <line num="156" type="stmt" count="0"/>
        <line num="158" type="stmt" count="0"/>
        <line num="160" type="stmt" count="2"/>
        <line num="161" type="stmt" count="0"/>
        <line num="162" type="stmt" count="0"/>
        <line num="164" type="stmt" count="0"/>
        <line num="166" type="stmt" count="2"/>
        <line num="169" type="stmt" count="2"/>
        <line num="180" type="method" name="vectSVG" visibility="private" complexity="5" crap="5" count="2"/>
        <line num="182" type="stmt" count="2"/>
        <line num="183" type="stmt" count="2"/>
        <line num="185" type="stmt" count="2"/>
        <line num="186" type="stmt" count="2"/>
        <line num="198" type="stmt" count="2"/>
        <line num="199" type="stmt" count="2"/>
        <line num="201" type="stmt" count="2"/>
        <line num="202" type="stmt" count="2"/>
        <line num="203" type="stmt" count="2"/>
        <line num="208" type="stmt" count="2"/>
        <line num="209" type="stmt" count="2"/>
        <line num="210" type="stmt" count="2"/>
        <line num="215" type="stmt" count="2"/>
        <line num="216" type="stmt" count="2"/>
        <line num="217" type="stmt" count="2"/>
        <line num="218" type="stmt" count="2"/>
        <line num="219" type="stmt" count="2"/>
        <line num="220" type="stmt" count="2"/>
        <line num="226" type="stmt" count="2"/>
        <line num="228" type="stmt" count="2"/>
        <metrics loc="229" ncloc="143" classes="1" methods="4" coveredmethods="1" conditionals="0" coveredconditionals="0" statements="82" coveredstatements="25" elements="86" coveredelements="26"/>
      </file>
    </package>
    <package name="QR_Code\Encoder\ErrorCorrection">
      <file name="D:\code\packages\qr-code-lib\src/QR_Code/Encoder/ErrorCorrection/Rs.php">
        <class name="QR_Code\Encoder\ErrorCorrection\Rs" namespace="QR_Code\Encoder\ErrorCorrection" fullPackage="QR_Code" package="QR_Code">
          <metrics complexity="8" methods="1" coveredmethods="1" conditionals="0" coveredconditionals="0" statements="11" coveredstatements="11" elements="12" coveredelements="12"/>
        </class>
        <line num="37" type="method" name="init_rs" visibility="public" complexity="8" crap="8" count="13"/>
        <line num="39" type="stmt" count="13"/>
        <line num="40" type="stmt" count="12"/>
        <line num="41" type="stmt" count="7"/>
        <line num="42" type="stmt" count="7"/>
        <line num="43" type="stmt" count="7"/>
        <line num="44" type="stmt" count="7"/>
        <line num="45" type="stmt" count="7"/>
        <line num="47" type="stmt" count="7"/>
        <line num="50" type="stmt" count="6"/>
        <line num="51" type="stmt" count="6"/>
        <line num="53" type="stmt" count="6"/>
        <metrics loc="54" ncloc="26" classes="1" methods="1" coveredmethods="1" conditionals="0" coveredconditionals="0" statements="11" coveredstatements="11" elements="12" coveredelements="12"/>
      </file>
      <file name="D:\code\packages\qr-code-lib\src/QR_Code/Encoder/ErrorCorrection/RsBlock.php">
        <class name="QR_Code\Encoder\ErrorCorrection\RsBlock" namespace="QR_Code\Encoder\ErrorCorrection" fullPackage="QR_Code" package="QR_Code">
          <metrics complexity="3" methods="2" coveredmethods="1" conditionals="0" coveredconditionals="0" statements="9" coveredstatements="8" elements="11" coveredelements="9"/>
        </class>
        <line num="39" type="method" name="__construct" visibility="public" complexity="1" crap="1" count="13"/>
        <line num="41" type="stmt" count="13"/>
        <line num="43" type="stmt" count="13"/>
        <line num="44" type="stmt" count="13"/>
        <line num="45" type="stmt" count="13"/>
        <line num="46" type="stmt" count="13"/>
        <line num="47" type="stmt" count="13"/>
        <line num="53" type="method" name="__get" visibility="public" complexity="2" crap="2.15" count="13"/>
        <line num="55" type="stmt" count="13"/>
        <line num="56" type="stmt" count="13"/>
        <line num="59" type="stmt" count="0"/>
        <metrics loc="60" ncloc="29" classes="1" methods="2" coveredmethods="1" conditionals="0" coveredconditionals="0" statements="9" coveredstatements="8" elements="11" coveredelements="9"/>
      </file>
      <file name="D:\code\packages\qr-code-lib\src/QR_Code/Encoder/ErrorCorrection/RsItem.php">
        <class name="QR_Code\Encoder\ErrorCorrection\RsItem" namespace="QR_Code\Encoder\ErrorCorrection" fullPackage="QR_Code" package="QR_Code">
          <metrics complexity="26" methods="3" coveredmethods="2" conditionals="0" coveredconditionals="0" statements="74" coveredstatements="70" elements="77" coveredelements="72"/>
        </class>
        <line num="42" type="method" name="modnn" visibility="public" complexity="2" crap="2" count="13"/>
        <line num="44" type="stmt" count="13"/>
        <line num="45" type="stmt" count="13"/>
        <line num="46" type="stmt" count="13"/>
        <line num="49" type="stmt" count="13"/>
        <line num="61" type="method" name="init_rs_char" visibility="public" complexity="19" crap="19.22" count="6"/>
        <line num="67" type="stmt" count="6"/>
        <line num="70" type="stmt" count="6"/>
        <line num="71" type="stmt" count="6"/>
        <line num="72" type="stmt" count="6"/>
        <line num="73" type="stmt" count="6"/>
        <line num="74" type="stmt" count="6"/>
        <line num="76" type="stmt" count="6"/>
        <line num="77" type="stmt" count="6"/>
        <line num="78" type="stmt" count="6"/>
        <line num="79" type="stmt" count="6"/>
        <line num="81" type="stmt" count="6"/>
        <line num="82" type="stmt" count="6"/>
        <line num="85" type="stmt" count="6"/>
        <line num="86" type="stmt" count="6"/>
        <line num="89" type="stmt" count="6"/>
        <line num="90" type="stmt" count="6"/>
        <line num="91" type="stmt" count="6"/>
        <line num="93" type="stmt" count="6"/>
        <line num="94" type="stmt" count="6"/>
        <line num="95" type="stmt" count="6"/>
        <line num="96" type="stmt" count="6"/>
        <line num="97" type="stmt" count="6"/>
        <line num="98" type="stmt" count="6"/>
        <line num="100" type="stmt" count="6"/>
        <line num="103" type="stmt" count="6"/>
        <line num="105" type="stmt" count="0"/>
        <line num="106" type="stmt" count="0"/>
        <line num="110" type="stmt" count="6"/>
        <line num="112" type="stmt" count="6"/>
        <line num="113" type="stmt" count="6"/>
        <line num="114" type="stmt" count="6"/>
        <line num="115" type="stmt" count="6"/>
        <line num="118" type="stmt" count="6"/>
        <line num="119" type="stmt" count="6"/>
        <line num="120" type="stmt" count="0"/>
        <line num="123" type="stmt" count="6"/>
        <line num="124" type="stmt" count="6"/>
        <line num="126" type="stmt" count="6"/>
        <line num="127" type="stmt" count="6"/>
        <line num="130" type="stmt" count="6"/>
        <line num="131" type="stmt" count="6"/>
        <line num="132" type="stmt" count="6"/>
        <line num="134" type="stmt" count="0"/>
        <line num="138" type="stmt" count="6"/>
        <line num="142" type="stmt" count="6"/>
        <line num="143" type="stmt" count="6"/>
        <line num="145" type="stmt" count="6"/>
        <line num="152" type="method" name="encode_rs_char" visibility="public" complexity="5" crap="5" count="13"/>
        <line num="154" type="stmt" count="13"/>
        <line num="155" type="stmt" count="13"/>
        <line num="156" type="stmt" count="13"/>
        <line num="157" type="stmt" count="13"/>
        <line num="158" type="stmt" count="13"/>
        <line num="159" type="stmt" count="13"/>
        <line num="160" type="stmt" count="13"/>
        <line num="161" type="stmt" count="13"/>
        <line num="162" type="stmt" count="13"/>
        <line num="163" type="stmt" count="13"/>
        <line num="164" type="stmt" count="13"/>
        <line num="166" type="stmt" count="13"/>
        <line num="168" type="stmt" count="13"/>
        <line num="170" type="stmt" count="13"/>
        <line num="171" type="stmt" count="13"/>
        <line num="176" type="stmt" count="13"/>
        <line num="178" type="stmt" count="13"/>
        <line num="179" type="stmt" count="13"/>
        <line num="184" type="stmt" count="13"/>
        <line num="185" type="stmt" count="13"/>
        <line num="186" type="stmt" count="13"/>
        <line num="188" type="stmt" count="1"/>
        <line num="191" type="stmt" count="13"/>
        <metrics loc="191" ncloc="97" classes="1" methods="3" coveredmethods="2" conditionals="0" coveredconditionals="0" statements="74" coveredstatements="70" elements="77" coveredelements="72"/>
      </file>
    </package>
    <package name="QR_Code\Exceptions">
      <file name="D:\code\packages\qr-code-lib\src/QR_Code/Exceptions/EmptyEventSummaryException.php">
        <class name="QR_Code\Exceptions\EmptyEventSummaryException" namespace="QR_Code\Exceptions" fullPackage="QR_Code" package="QR_Code">
          <metrics complexity="0" methods="0" coveredmethods="0" conditionals="0" coveredconditionals="0" statements="0" coveredstatements="0" elements="0" coveredelements="0"/>
        </class>
        <metrics loc="15" ncloc="7" classes="0" methods="0" coveredmethods="0" conditionals="0" coveredconditionals="0" statements="0" coveredstatements="0" elements="0" coveredelements="0"/>
      </file>
      <file name="D:\code\packages\qr-code-lib\src/QR_Code/Exceptions/InvalidEventDateException.php">
        <class name="QR_Code\Exceptions\InvalidEventDateException" namespace="QR_Code\Exceptions" fullPackage="QR_Code" package="QR_Code">
          <metrics complexity="0" methods="0" coveredmethods="0" conditionals="0" coveredconditionals="0" statements="0" coveredstatements="0" elements="0" coveredelements="0"/>
        </class>
        <metrics loc="14" ncloc="6" classes="0" methods="0" coveredmethods="0" conditionals="0" coveredconditionals="0" statements="0" coveredstatements="0" elements="0" coveredelements="0"/>
      </file>
      <file name="D:\code\packages\qr-code-lib\src/QR_Code/Exceptions/InvalidVCardAddressEntryException.php">
        <class name="QR_Code\Exceptions\InvalidVCardAddressEntryException" namespace="QR_Code\Exceptions" fullPackage="QR_Code" package="QR_Code">
          <metrics complexity="0" methods="0" coveredmethods="0" conditionals="0" coveredconditionals="0" statements="0" coveredstatements="0" elements="0" coveredelements="0"/>
        </class>
        <metrics loc="15" ncloc="7" classes="0" methods="0" coveredmethods="0" conditionals="0" coveredconditionals="0" statements="0" coveredstatements="0" elements="0" coveredelements="0"/>
      </file>
      <file name="D:\code\packages\qr-code-lib\src/QR_Code/Exceptions/InvalidVCardPhoneEntryException.php">
        <class name="QR_Code\Exceptions\InvalidVCardPhoneEntryException" namespace="QR_Code\Exceptions" fullPackage="QR_Code" package="QR_Code">
          <metrics complexity="0" methods="0" coveredmethods="0" conditionals="0" coveredconditionals="0" statements="0" coveredstatements="0" elements="0" coveredelements="0"/>
        </class>
        <metrics loc="15" ncloc="7" classes="0" methods="0" coveredmethods="0" conditionals="0" coveredconditionals="0" statements="0" coveredstatements="0" elements="0" coveredelements="0"/>
      </file>
    </package>
    <package name="QR_Code">
      <file name="D:\code\packages\qr-code-lib\src/QR_Code/QR_Code.php">
        <class name="QR_Code\QR_Code" namespace="QR_Code" fullPackage="QR_Code" package="QR_Code">
          <metrics complexity="26" methods="9" coveredmethods="3" conditionals="0" coveredconditionals="0" statements="71" coveredstatements="48" elements="80" coveredelements="51"/>
        </class>
        <line num="38" type="method" name="encodeMask" visibility="public" complexity="11" crap="11.24" count="13"/>
        <line num="40" type="stmt" count="13"/>
        <line num="41" type="stmt" count="0"/>
        <line num="43" type="stmt" count="13"/>
        <line num="44" type="stmt" count="0"/>
        <line num="47" type="stmt" count="13"/>
        <line num="49" type="stmt" count="13"/>
        <line num="51" type="stmt" count="13"/>
        <line num="52" type="stmt" count="13"/>
        <line num="53" type="stmt" count="13"/>
        <line num="55" type="stmt" count="13"/>
        <line num="56" type="stmt" count="13"/>
        <line num="57" type="stmt" count="0"/>
        <line num="61" type="stmt" count="13"/>
        <line num="62" type="stmt" count="13"/>
        <line num="63" type="stmt" count="13"/>
        <line num="64" type="stmt" count="13"/>
        <line num="65" type="stmt" count="13"/>
        <line num="66" type="stmt" count="13"/>
        <line num="67" type="stmt" count="13"/>
        <line num="71" type="stmt" count="13"/>
        <line num="73" type="stmt" count="13"/>
        <line num="76" type="stmt" count="13"/>
        <line num="77" type="stmt" count="13"/>
        <line num="78" type="stmt" count="11"/>
        <line num="79" type="stmt" count="11"/>
        <line num="82" type="stmt" count="13"/>
        <line num="83" type="stmt" count="13"/>
        <line num="87" type="stmt" count="13"/>
        <line num="88" type="stmt" count="13"/>
        <line num="90" type="stmt" count="13"/>
        <line num="91" type="stmt" count="13"/>
        <line num="93" type="stmt" count="13"/>
        <line num="96" type="stmt" count="0"/>
        <line num="99" type="stmt" count="13"/>
        <line num="100" type="stmt" count="0"/>
        <line num="103" type="stmt" count="13"/>
        <line num="105" type="stmt" count="13"/>
        <line num="106" type="stmt" count="13"/>
        <line num="107" type="stmt" count="13"/>
        <line num="109" type="stmt" count="13"/>
        <line num="117" type="method" name="encodeInput" visibility="public" complexity="1" crap="1" count="13"/>
        <line num="119" type="stmt" count="13"/>
        <line num="129" type="method" name="encodeString8bit" visibility="public" complexity="4" crap="20" count="0"/>
        <line num="131" type="stmt" count="0"/>
        <line num="132" type="stmt" count="0"/>
        <line num="135" type="stmt" count="0"/>
        <line num="136" type="stmt" count="0"/>
        <line num="138" type="stmt" count="0"/>
        <line num="140" type="stmt" count="0"/>
        <line num="141" type="stmt" count="0"/>
        <line num="142" type="stmt" count="0"/>
        <line num="145" type="stmt" count="0"/>
        <line num="157" type="method" name="encodeString" visibility="public" complexity="5" crap="5.39" count="13"/>
        <line num="159" type="stmt" count="13"/>
        <line num="160" type="stmt" count="0"/>
        <line num="163" type="stmt" count="13"/>
        <line num="164" type="stmt" count="13"/>
        <line num="166" type="stmt" count="13"/>
        <line num="168" type="stmt" count="13"/>
        <line num="169" type="stmt" count="0"/>
        <line num="172" type="stmt" count="13"/>
        <line num="185" type="method" name="png" visibility="public" complexity="1" crap="1" count="11"/>
        <line num="187" type="stmt" count="11"/>
        <line num="188" type="stmt" count="11"/>
        <line num="189" type="stmt" count="11"/>
        <line num="200" type="method" name="text" visibility="public" complexity="1" crap="2" count="0"/>
        <line num="202" type="stmt" count="0"/>
        <line num="203" type="stmt" count="0"/>
        <line num="217" type="method" name="eps" visibility="public" complexity="1" crap="2" count="0"/>
        <line num="219" type="stmt" count="0"/>
        <line num="220" type="stmt" count="0"/>
        <line num="221" type="stmt" count="0"/>
        <line num="233" type="method" name="svg" visibility="public" complexity="1" crap="1" count="2"/>
        <line num="235" type="stmt" count="2"/>
        <line num="236" type="stmt" count="2"/>
        <line num="237" type="stmt" count="2"/>
        <line num="248" type="method" name="raw" visibility="public" complexity="1" crap="2" count="0"/>
        <line num="250" type="stmt" count="0"/>
        <line num="251" type="stmt" count="0"/>
        <metrics loc="252" ncloc="158" classes="1" methods="9" coveredmethods="3" conditionals="0" coveredconditionals="0" statements="71" coveredstatements="48" elements="80" coveredelements="51"/>
      </file>
    </package>
    <package name="QR_Code\Types">
      <file name="D:\code\packages\qr-code-lib\src/QR_Code/Types/QR_CalendarEvent.php">
        <class name="QR_Code\Types\QR_CalendarEvent" namespace="QR_Code\Types" fullPackage="QR_Code" package="QR_Code">
          <metrics complexity="9" methods="5" coveredmethods="3" conditionals="0" coveredconditionals="0" statements="27" coveredstatements="23" elements="32" coveredelements="26"/>
        </class>
        <line num="38" type="method" name="__construct" visibility="public" complexity="1" crap="1" count="1"/>
        <line num="40" type="stmt" count="1"/>
        <line num="42" type="stmt" count="1"/>
        <line num="43" type="stmt" count="1"/>
        <line num="44" type="stmt" count="1"/>
        <line num="45" type="stmt" count="1"/>
        <line num="46" type="stmt" count="1"/>
        <line num="47" type="stmt" count="1"/>
        <line num="54" type="method" name="validateDateTimeEnd" visibility="protected" complexity="1" crap="1" count="1"/>
        <line num="56" type="stmt" count="1"/>
        <line num="63" type="method" name="validateSummary" visibility="protected" complexity="1" crap="1" count="1"/>
        <line num="65" type="stmt" count="1"/>
        <line num="75" type="method" name="validate" visibility="protected" complexity="3" crap="3.58" count="1"/>
        <line num="77" type="stmt" count="1"/>
        <line num="78" type="stmt" count="0"/>
        <line num="81" type="stmt" count="1"/>
        <line num="82" type="stmt" count="0"/>
        <line num="84" type="stmt" count="1"/>
        <line num="91" type="method" name="getCodeString" visibility="public" complexity="3" crap="3.03" count="1"/>
[...]
        <line num="32" type="stmt" count="13"/>
        <line num="33" type="stmt" count="13"/>
        <line num="34" type="stmt" count="13"/>
        <line num="35" type="stmt" count="13"/>
        <line num="36" type="stmt" count="13"/>
        <line num="37" type="stmt" count="13"/>
        <line num="38" type="stmt" count="13"/>
        <line num="44" type="method" name="setFrameAt" visibility="public" complexity="1" crap="1" count="13"/>
        <line num="46" type="stmt" count="13"/>
        <line num="47" type="stmt" count="13"/>
        <line num="53" type="method" name="getFrameAt" visibility="public" complexity="1" crap="2" count="0"/>
        <line num="55" type="stmt" count="0"/>
        <line num="61" type="method" name="next" visibility="public" complexity="11" crap="11.03" count="13"/>
        <line num="65" type="stmt" count="13"/>
        <line num="66" type="stmt" count="13"/>
        <line num="67" type="stmt" count="13"/>
        <line num="70" type="stmt" count="13"/>
        <line num="71" type="stmt" count="13"/>
        <line num="72" type="stmt" count="13"/>
        <line num="74" type="stmt" count="13"/>
        <line num="75" type="stmt" count="13"/>
        <line num="76" type="stmt" count="13"/>
        <line num="78" type="stmt" count="13"/>
        <line num="79" type="stmt" count="13"/>
        <line num="80" type="stmt" count="13"/>
        <line num="83" type="stmt" count="13"/>
        <line num="84" type="stmt" count="13"/>
        <line num="85" type="stmt" count="13"/>
        <line num="86" type="stmt" count="13"/>
        <line num="87" type="stmt" count="13"/>
        <line num="88" type="stmt" count="13"/>
        <line num="89" type="stmt" count="13"/>
        <line num="90" type="stmt" count="13"/>
        <line num="94" type="stmt" count="13"/>
        <line num="95" type="stmt" count="13"/>
        <line num="96" type="stmt" count="13"/>
        <line num="97" type="stmt" count="13"/>
        <line num="98" type="stmt" count="13"/>
        <line num="99" type="stmt" count="0"/>
        <line num="100" type="stmt" count="0"/>
        <line num="104" type="stmt" count="13"/>
        <line num="106" type="stmt" count="13"/>
        <line num="107" type="stmt" count="13"/>
        <line num="109" type="stmt" count="13"/>
        <line num="111" type="stmt" count="13"/>
        <metrics loc="112" ncloc="85" classes="1" methods="4" coveredmethods="2" conditionals="0" coveredconditionals="0" statements="42" coveredstatements="39" elements="46" coveredelements="41"/>
      </file>
      <file name="D:\code\packages\qr-code-lib\src/QR_Code/Util/Logger.php">
        <class name="QR_Code\Util\Logger" namespace="QR_Code\Util" fullPackage="QR_Code" package="QR_Code">
          <metrics complexity="4" methods="1" coveredmethods="0" conditionals="0" coveredconditionals="0" statements="12" coveredstatements="0" elements="13" coveredelements="0"/>
        </class>
        <line num="24" type="method" name="log" visibility="public" complexity="4" crap="20" count="0"/>
        <line num="25" type="stmt" count="0"/>
        <line num="26" type="stmt" count="0"/>
        <line num="27" type="stmt" count="0"/>
        <line num="28" type="stmt" count="0"/>
        <line num="29" type="stmt" count="0"/>
        <line num="30" type="stmt" count="0"/>
        <line num="31" type="stmt" count="0"/>
        <line num="32" type="stmt" count="0"/>
        <line num="33" type="stmt" count="0"/>
        <line num="34" type="stmt" count="0"/>
        <line num="35" type="stmt" count="0"/>
        <line num="36" type="stmt" count="0"/>
        <metrics loc="36" ncloc="19" classes="1" methods="1" coveredmethods="0" conditionals="0" coveredconditionals="0" statements="12" coveredstatements="0" elements="13" coveredelements="0"/>
      </file>
      <file name="D:\code\packages\qr-code-lib\src/QR_Code/Util/Split.php">
        <class name="QR_Code\Util\Split" namespace="QR_Code\Util" fullPackage="QR_Code" package="QR_Code">
          <metrics complexity="63" methods="11" coveredmethods="3" conditionals="0" coveredconditionals="0" statements="150" coveredstatements="114" elements="161" coveredelements="117"/>
        </class>
        <line num="40" type="method" name="__construct" visibility="public" complexity="1" crap="1" count="13"/>
        <line num="42" type="stmt" count="13"/>
        <line num="43" type="stmt" count="13"/>
        <line num="44" type="stmt" count="13"/>
        <line num="45" type="stmt" count="13"/>
        <line num="52" type="method" name="isDigitAt" visibility="public" complexity="3" crap="3" count="13"/>
        <line num="54" type="stmt" count="13"/>
        <line num="55" type="stmt" count="1"/>
        <line num="57" type="stmt" count="13"/>
        <line num="65" type="method" name="isAlnumAt" visibility="public" complexity="2" crap="2" count="13"/>
        <line num="67" type="stmt" count="13"/>
        <line num="68" type="stmt" count="3"/>
        <line num="70" type="stmt" count="13"/>
        <line num="77" type="method" name="identifyMode" visibility="public" complexity="10" crap="17.87" count="13"/>
        <line num="79" type="stmt" count="13"/>
        <line num="80" type="stmt" count="0"/>
        <line num="82" type="stmt" count="13"/>
        <line num="84" type="stmt" count="13"/>
        <line num="85" type="stmt" count="2"/>
        <line num="86" type="stmt" count="13"/>
        <line num="87" type="stmt" count="13"/>
        <line num="88" type="stmt" count="12"/>
        <line num="90" type="stmt" count="0"/>
        <line num="91" type="stmt" count="0"/>
        <line num="92" type="stmt" count="0"/>
        <line num="93" type="stmt" count="0"/>
        <line num="94" type="stmt" count="0"/>
        <line num="99" type="stmt" count="12"/>
        <line num="105" type="method" name="eatNum" visibility="public" complexity="7" crap="7.04" count="1"/>
        <line num="107" type="stmt" count="1"/>
        <line num="109" type="stmt" count="1"/>
        <line num="110" type="stmt" count="1"/>
        <line num="111" type="stmt" count="1"/>
        <line num="114" type="stmt" count="1"/>
        <line num="115" type="stmt" count="1"/>
        <line num="117" type="stmt" count="1"/>
        <line num="118" type="stmt" count="1"/>
        <line num="119" type="stmt" count="1"/>
        <line num="120" type="stmt" count="1"/>
        <line num="121" type="stmt" count="1"/>
        <line num="122" type="stmt" count="0"/>
        <line num="125" type="stmt" count="1"/>
        <line num="126" type="stmt" count="1"/>
        <line num="127" type="stmt" count="1"/>
        <line num="128" type="stmt" count="1"/>
        <line num="129" type="stmt" count="1"/>
        <line num="130" type="stmt" count="1"/>
        <line num="134" type="stmt" count="1"/>
        <line num="135" type="stmt" count="1"/>
        <line num="136" type="stmt" count="0"/>
        <line num="138" type="stmt" count="1"/>
        <line num="144" type="method" name="eatAn" visibility="public" complexity="8" crap="8.03" count="12"/>
        <line num="146" type="stmt" count="12"/>
        <line num="147" type="stmt" count="12"/>
        <line num="149" type="stmt" count="12"/>
        <line num="151" type="stmt" count="12"/>
        <line num="152" type="stmt" count="12"/>
        <line num="153" type="stmt" count="6"/>
        <line num="154" type="stmt" count="6"/>
        <line num="155" type="stmt" count="6"/>
        <line num="158" type="stmt" count="6"/>
        <line num="159" type="stmt" count="6"/>
        <line num="160" type="stmt" count="6"/>
        <line num="162" type="stmt" count="6"/>
        <line num="163" type="stmt" count="0"/>
        <line num="165" type="stmt" count="6"/>
        <line num="168" type="stmt" count="12"/>
        <line num="172" type="stmt" count="12"/>
        <line num="174" type="stmt" count="12"/>
        <line num="175" type="stmt" count="12"/>
        <line num="176" type="stmt" count="12"/>
        <line num="177" type="stmt" count="12"/>
        <line num="178" type="stmt" count="12"/>
        <line num="179" type="stmt" count="6"/>
        <line num="183" type="stmt" count="7"/>
        <line num="184" type="stmt" count="7"/>
        <line num="185" type="stmt" count="0"/>
        <line num="187" type="stmt" count="7"/>
        <line num="193" type="method" name="eatKanji" visibility="public" complexity="3" crap="12" count="0"/>
        <line num="195" type="stmt" count="0"/>
        <line num="197" type="stmt" count="0"/>
        <line num="198" type="stmt" count="0"/>
        <line num="201" type="stmt" count="0"/>
        <line num="202" type="stmt" count="0"/>
        <line num="203" type="stmt" count="0"/>
        <line num="205" type="stmt" count="0"/>
        <line num="211" type="method" name="eat8" visibility="public" complexity="10" crap="10.02" count="12"/>
        <line num="213" type="stmt" count="12"/>
        <line num="214" type="stmt" count="12"/>
        <line num="216" type="stmt" count="12"/>
        <line num="217" type="stmt" count="12"/>
        <line num="219" type="stmt" count="12"/>
        <line num="221" type="stmt" count="12"/>
        <line num="222" type="stmt" count="12"/>
        <line num="223" type="stmt" count="0"/>
        <line num="225" type="stmt" count="12"/>
        <line num="226" type="stmt" count="2"/>
        <line num="227" type="stmt" count="2"/>
        <line num="228" type="stmt" count="2"/>
        <line num="230" type="stmt" count="2"/>
        <line num="231" type="stmt" count="2"/>
        <line num="232" type="stmt" count="2"/>
        <line num="233" type="stmt" count="2"/>
        <line num="234" type="stmt" count="1"/>
        <line num="236" type="stmt" count="2"/>
        <line num="238" type="stmt" count="12"/>
        <line num="239" type="stmt" count="12"/>
        <line num="240" type="stmt" count="12"/>
        <line num="241" type="stmt" count="12"/>
        <line num="243" type="stmt" count="12"/>
        <line num="244" type="stmt" count="12"/>
        <line num="245" type="stmt" count="12"/>
        <line num="246" type="stmt" count="12"/>
        <line num="247" type="stmt" count="4"/>
        <line num="249" type="stmt" count="12"/>
        <line num="252" type="stmt" count="12"/>
        <line num="256" type="stmt" count="12"/>
        <line num="257" type="stmt" count="12"/>
        <line num="259" type="stmt" count="12"/>
        <line num="260" type="stmt" count="0"/>
        <line num="262" type="stmt" count="12"/>
        <line num="268" type="method" name="splitString" visibility="public" complexity="9" crap="10.09" count="13"/>
        <line num="270" type="stmt" count="13"/>
        <line num="271" type="stmt" count="13"/>
        <line num="272" type="stmt" count="0"/>
        <line num="274" type="stmt" count="13"/>
        <line num="277" type="stmt" count="13"/>
        <line num="278" type="stmt" count="1"/>
        <line num="279" type="stmt" count="1"/>
        <line num="280" type="stmt" count="13"/>
        <line num="281" type="stmt" count="12"/>
        <line num="282" type="stmt" count="12"/>
        <line num="283" type="stmt" count="7"/>
        <line num="284" type="stmt" count="0"/>
        <line num="285" type="stmt" count="0"/>
        <line num="286" type="stmt" count="0"/>
        <line num="287" type="stmt" count="0"/>
        <line num="289" type="stmt" count="7"/>
        <line num="290" type="stmt" count="7"/>
        <line num="294" type="stmt" count="13"/>
        <line num="295" type="stmt" count="13"/>
        <line num="297" type="stmt" count="13"/>
        <line num="300" type="stmt" count="13"/>
        <line num="306" type="method" name="toUpper" visibility="public" complexity="5" crap="30" count="0"/>
        <line num="308" type="stmt" count="0"/>
        <line num="309" type="stmt" count="0"/>
        <line num="311" type="stmt" count="0"/>
        <line num="312" type="stmt" count="0"/>
        <line num="313" type="stmt" count="0"/>
        <line num="314" type="stmt" count="0"/>
        <line num="316" type="stmt" count="0"/>
        <line num="317" type="stmt" count="0"/>
        <line num="319" type="stmt" count="0"/>
        <line num="323" type="stmt" count="0"/>
        <line num="334" type="method" name="splitStringToQRinput" visibility="public" complexity="5" crap="5.93" count="13"/>
        <line num="336" type="stmt" count="13"/>
        <line num="337" type="stmt" count="0"/>
        <line num="340" type="stmt" count="13"/>
        <line num="342" type="stmt" count="13"/>
        <line num="343" type="stmt" count="0"/>
        <line num="345" type="stmt" count="13"/>
        <metrics loc="346" ncloc="256" classes="1" methods="11" coveredmethods="3" conditionals="0" coveredconditionals="0" statements="150" coveredstatements="114" elements="161" coveredelements="117"/>
      </file>
      <file name="D:\code\packages\qr-code-lib\src/QR_Code/Util/Tools.php">
        <class name="QR_Code\Util\Tools" namespace="QR_Code\Util" fullPackage="QR_Code" package="QR_Code">
          <metrics complexity="15" methods="6" coveredmethods="1" conditionals="0" coveredconditionals="0" statements="34" coveredstatements="9" elements="40" coveredelements="10"/>
        </class>
        <line num="33" type="method" name="binarize" visibility="public" complexity="4" crap="4" count="13"/>
        <line num="35" type="stmt" count="13"/>
        <line num="37" type="stmt" count="13"/>
        <line num="38" type="stmt" count="13"/>
        <line num="39" type="stmt" count="13"/>
        <line num="43" type="stmt" count="13"/>
        <line num="49" type="method" name="clearCache" visibility="public" complexity="1" crap="2" count="0"/>
        <line num="51" type="stmt" count="0"/>
        <line num="52" type="stmt" count="0"/>
        <line num="59" type="method" name="clearTemporaryQRCodes" visibility="public" complexity="1" crap="2" count="0"/>
        <line num="61" type="stmt" count="0"/>
        <line num="62" type="stmt" count="0"/>
        <line num="69" type="method" name="dumpMask" visibility="public" complexity="3" crap="12" count="0"/>
        <line num="71" type="stmt" count="0"/>
        <line num="72" type="stmt" count="0"/>
        <line num="73" type="stmt" count="0"/>
        <line num="74" type="stmt" count="0"/>
        <line num="77" type="stmt" count="0"/>
        <line num="82" type="method" name="buildCache" visibility="public" complexity="4" crap="20" count="0"/>
        <line num="84" type="stmt" count="0"/>
        <line num="86" type="stmt" count="0"/>
        <line num="87" type="stmt" count="0"/>
        <line num="88" type="stmt" count="0"/>
        <line num="89" type="stmt" count="0"/>
        <line num="90" type="stmt" count="0"/>
        <line num="91" type="stmt" count="0"/>
        <line num="94" type="stmt" count="0"/>
        <line num="95" type="stmt" count="0"/>
        <line num="96" type="stmt" count="0"/>
        <line num="97" type="stmt" count="0"/>
        <line num="100" type="stmt" count="0"/>
        <line num="101" type="stmt" count="0"/>
        <line num="110" type="method" name="save" visibility="public" complexity="2" crap="2.31" count="2"/>
        <line num="113" type="stmt" count="2"/>
        <line num="114" type="stmt" count="2"/>
        <line num="115" type="stmt" count="2"/>
        <line num="116" type="stmt" count="2"/>
        <line num="117" type="stmt" count="0"/>
        <line num="118" type="stmt" count="0"/>
        <line num="121" type="stmt" count="0"/>
        <metrics loc="122" ncloc="79" classes="1" methods="6" coveredmethods="1" conditionals="0" coveredconditionals="0" statements="34" coveredstatements="9" elements="40" coveredelements="10"/>
      </file>
    </package>
    <file name="D:\code\packages\qr-code-lib\src/helpers/constants.php">
      <line num="6" type="stmt" count="0"/>
      <line num="8" type="stmt" count="0"/>
      <line num="9" type="stmt" count="0"/>
      <line num="10" type="stmt" count="0"/>
      <line num="11" type="stmt" count="0"/>
      <line num="12" type="stmt" count="0"/>
      <line num="13" type="stmt" count="0"/>
      <line num="14" type="stmt" count="0"/>
      <line num="15" type="stmt" count="0"/>
      <line num="17" type="stmt" count="0"/>
      <line num="18" type="stmt" count="0"/>
      <line num="19" type="stmt" count="0"/>
      <line num="20" type="stmt" count="0"/>
      <line num="21" type="stmt" count="0"/>
      <line num="22" type="stmt" count="0"/>
      <line num="23" type="stmt" count="0"/>
      <line num="24" type="stmt" count="0"/>
      <line num="25" type="stmt" count="0"/>
      <line num="26" type="stmt" count="0"/>
      <line num="27" type="stmt" count="0"/>
      <line num="28" type="stmt" count="0"/>
      <line num="33" type="stmt" count="0"/>
      <line num="34" type="stmt" count="0"/>
      <line num="35" type="stmt" count="0"/>
      <line num="36" type="stmt" count="0"/>
      <line num="37" type="stmt" count="0"/>
      <line num="38" type="stmt" count="0"/>
      <line num="43" type="stmt" count="0"/>
      <line num="44" type="stmt" count="0"/>
      <line num="45" type="stmt" count="0"/>
      <line num="46" type="stmt" count="0"/>
      <line num="51" type="stmt" count="0"/>
      <line num="52" type="stmt" count="0"/>
      <line num="57" type="stmt" count="0"/>
      <line num="59" type="stmt" count="0"/>
      <line num="60" type="stmt" count="0"/>
      <line num="61" type="stmt" count="0"/>
      <line num="63" type="stmt" count="0"/>
      <line num="68" type="stmt" count="0"/>
      <line num="69" type="stmt" count="0"/>
      <line num="71" type="stmt" count="0"/>
      <line num="72" type="stmt" count="0"/>
      <line num="73" type="stmt" count="0"/>
      <line num="74" type="stmt" count="0"/>
      <line num="79" type="stmt" count="0"/>
      <line num="84" type="stmt" count="0"/>
      <line num="85" type="stmt" count="0"/>
      <line num="90" type="stmt" count="0"/>
      <line num="95" type="stmt" count="0"/>
      <line num="96" type="stmt" count="0"/>
      <line num="97" type="stmt" count="0"/>
      <line num="98" type="stmt" count="0"/>
      <line num="104" type="stmt" count="0"/>
      <line num="105" type="stmt" count="0"/>
      <line num="106" type="stmt" count="0"/>
      <line num="107" type="stmt" count="0"/>
      <line num="108" type="stmt" count="0"/>
      <metrics loc="107" ncloc="74" classes="0" methods="0" coveredmethods="0" conditionals="0" coveredconditionals="0" statements="56" coveredstatements="0" elements="56" coveredelements="0"/>
    </file>
    <file name="D:\code\packages\qr-code-lib\src/helpers/functions.php">
      <line num="12" type="stmt" count="1"/>
      <line num="26" type="stmt" count="1"/>
      <line num="41" type="stmt" count="0"/>
      <line num="42" type="stmt" count="0"/>
      <line num="45" type="stmt" count="0"/>
      <line num="59" type="stmt" count="0"/>
      <line num="64" type="stmt" count="0"/>
      <line num="68" type="stmt" count="0"/>
      <line num="70" type="stmt" count="0"/>
      <line num="84" type="stmt" count="0"/>
      <line num="86" type="stmt" count="0"/>
      <line num="87" type="stmt" count="0"/>
      <line num="88" type="stmt" count="0"/>
      <line num="91" type="stmt" count="0"/>
      <line num="105" type="stmt" count="0"/>
      <line num="122" type="stmt" count="6"/>
      <line num="123" type="stmt" count="6"/>
      <metrics loc="123" ncloc="70" classes="0" methods="0" coveredmethods="0" conditionals="0" coveredconditionals="0" statements="17" coveredstatements="4" elements="17" coveredelements="4"/>
    </file>
    <metrics files="39" loc="5255" ncloc="3535" classes="31" methods="167" coveredmethods="72" conditionals="0" coveredconditionals="0" statements="1617" coveredstatements="1076" elements="1784" coveredelements="1148"/>
  </project>
</coverage>
